0 info it worked if it ends with ok
1 verbose cli [ 'node', '/usr/local/bin/npm', 'publish' ]
2 info using npm@1.4.14
3 info using node@v0.10.29
4 verbose publish [ '.' ]
5 verbose cache add [ '.', null ]
6 verbose cache add name=undefined spec="." args=[".",null]
7 verbose parsed url { protocol: null,
7 verbose parsed url   slashes: null,
7 verbose parsed url   auth: null,
7 verbose parsed url   host: null,
7 verbose parsed url   port: null,
7 verbose parsed url   hostname: null,
7 verbose parsed url   hash: null,
7 verbose parsed url   search: null,
7 verbose parsed url   query: null,
7 verbose parsed url   pathname: '.',
7 verbose parsed url   path: '.',
7 verbose parsed url   href: '.' }
8 silly lockFile 3a52ce78- .
9 verbose lock . /Users/me/.npm/3a52ce78-.lock
10 verbose tar pack [ '/Users/me/.npm/ember-mongoose/0.2.2/package.tgz', '.' ]
11 verbose tarball /Users/me/.npm/ember-mongoose/0.2.2/package.tgz
12 verbose folder .
13 info prepublish ember-mongoose@0.2.2
14 silly lockFile 1f1177db-tar tar://.
15 verbose lock tar://. /Users/me/.npm/1f1177db-tar.lock
16 silly lockFile eca07f70-ember-mongoose-0-2-2-package-tgz tar:///Users/me/.npm/ember-mongoose/0.2.2/package.tgz
17 verbose lock tar:///Users/me/.npm/ember-mongoose/0.2.2/package.tgz /Users/me/.npm/eca07f70-ember-mongoose-0-2-2-package-tgz.lock
18 silly lockFile 1f1177db-tar tar://.
19 silly lockFile 1f1177db-tar tar://.
20 silly lockFile eca07f70-ember-mongoose-0-2-2-package-tgz tar:///Users/me/.npm/ember-mongoose/0.2.2/package.tgz
21 silly lockFile eca07f70-ember-mongoose-0-2-2-package-tgz tar:///Users/me/.npm/ember-mongoose/0.2.2/package.tgz
22 silly lockFile 71837a22-npm-ember-mongoose-0-2-2-package /Users/me/.npm/ember-mongoose/0.2.2/package
23 verbose lock /Users/me/.npm/ember-mongoose/0.2.2/package /Users/me/.npm/71837a22-npm-ember-mongoose-0-2-2-package.lock
24 silly lockFile 71837a22-npm-ember-mongoose-0-2-2-package /Users/me/.npm/ember-mongoose/0.2.2/package
25 silly lockFile 71837a22-npm-ember-mongoose-0-2-2-package /Users/me/.npm/ember-mongoose/0.2.2/package
26 silly lockFile 3a52ce78- .
27 silly lockFile 3a52ce78- .
28 silly publish { name: 'ember-mongoose',
28 silly publish   version: '0.2.2',
28 silly publish   main: 'lib/server/index.js',
28 silly publish   description: 'Mongoose ⇆ Ember-Data',
28 silly publish   keywords: [ 'ember', 'mongoose' ],
28 silly publish   dependencies:
28 silly publish    { batch: '^0.5.2',
28 silly publish      'component-clone': '^0.2.2',
28 silly publish      mongoose: '^3.8.23' },
28 silly publish   devDependencies:
28 silly publish    { mocha: '1.14.0',
28 silly publish      should: '2.1.0',
28 silly publish      supertest: '0.8.1',
28 silly publish      'mongoose-time': '0.1.0',
28 silly publish      express: '3.4.4' },
28 silly publish   license: 'MIT',
28 silly publish   readme: 'Install\n---\n\n    $ npm install ember-mongoose\n    $ component install kelonye/ember-mongoose\n\nExample\n---\n\nSee `test/support`\n\nTest\n---\n\n    $ make test\n\nEmber-data query example\n---\n\n```js\n\nthis\n  .store\n  .find(\'model\', {\n    conditions: {\n      category: \'category_id\'\n    },\n    options: {\n      skip: 0, // starting row\n      limit: 10, // ending row\n      sort: {\n        created_at: -1 // order by latest\n      }\n    }\n  });\n\n```',
28 silly publish   readmeFilename: 'Readme.md',
28 silly publish   gitHead: '86f23c8e13d3bb90d5308cbd0bfa11ea67a64582',
28 silly publish   _id: 'ember-mongoose@0.2.2',
28 silly publish   scripts: {},
28 silly publish   _shasum: 'a0086e2a75a0bc95a5df3e9569e8120738ee3a75',
28 silly publish   _from: '.' }
29 verbose url raw ember-mongoose
30 verbose url resolving [ 'https://registry.npmjs.org/', './ember-mongoose' ]
31 verbose url resolved https://registry.npmjs.org/ember-mongoose
32 info trying registry request attempt 1 at 03:25:48
33 http PUT https://registry.npmjs.org/ember-mongoose
34 http 403 https://registry.npmjs.org/ember-mongoose
35 verbose headers { date: 'Sun, 01 Mar 2015 00:25:52 GMT',
35 verbose headers   server: 'CouchDB/1.5.0 (Erlang OTP/R16B03)',
35 verbose headers   'content-type': 'application/json',
35 verbose headers   'cache-control': 'max-age=60',
35 verbose headers   'content-length': '2650',
35 verbose headers   'accept-ranges': 'bytes',
35 verbose headers   via: '1.1 varnish',
35 verbose headers   'x-served-by': 'cache-sn89-SIN',
35 verbose headers   'x-cache': 'MISS',
35 verbose headers   'x-cache-hits': '0',
35 verbose headers   'x-timer': 'S1425169551.842792,VS0,VE792',
35 verbose headers   'keep-alive': 'timeout=10, max=50',
35 verbose headers   connection: 'Keep-Alive' }
36 error publish Failed PUT 403
37 error Error: forbidden cannot modify pre-existing version: 0.2.2
37 error old={"name":"ember-mongoose","version":"0.2.2","main":"lib/server/index.js","description":"Mongoose ⇆ Ember-Data","keywords":["ember","mongoose"],"dependencies":{"batch":"^0.5.2","component-clone":"^0.2.2","mongoose":"^3.8.23"},"devDependencies":{"mocha":"1.14.0","should":"2.1.0","supertest":"0.8.1","mongoose-time":"0.1.0","express":"3.4.4"},"license":"MIT","gitHead":"9ab5ba05e87a29992a5a88be04aa33f1eb4736b9","_id":"ember-mongoose@0.2.2","scripts":{},"_shasum":"c1479089ddf9bdf5313cda7d260c24972b94b28f","_from":".","_npmVersion":"1.4.14","_npmUser":{"name":"kelonye","email":"kelonyemitchel@gmail.com"},"maintainers":[{"name":"kelonye","email":"kelonyemitchel@gmail.com"}],"dist":{"shasum":"c1479089ddf9bdf5313cda7d260c24972b94b28f","tarball":"http://registry.npmjs.org/ember-mongoose/-/ember-mongoose-0.2.2.tgz"}}
37 error new={"name":"ember-mongoose","version":"0.2.2","main":"lib/server/index.js","description":"Mongoose ⇆ Ember-Data","keywords":["ember","mongoose"],"dependencies":{"batch":"^0.5.2","component-clone":"^0.2.2","mongoose":"^3.8.23"},"devDependencies":{"mocha":"1.14.0","should":"2.1.0","supertest":"0.8.1","mongoose-time":"0.1.0","express":"3.4.4"},"license":"MIT","readme":"Install\u000a---\u000a\u000a    $ npm install ember-mongoose\u000a    $ component install kelonye/ember-mongoose\u000a\u000aExample\u000a---\u000a\u000aSee `test/support`\u000a\u000aTest\u000a---\u000a\u000a    $ make test\u000a\u000aEmber-data query example\u000a---\u000a\u000a```js\u000a\u000athis\u000a  .store\u000a  .find('model', {\u000a    conditions: {\u000a      category: 'category_id'\u000a    },\u000a    options: {\u000a      skip: 0, // starting row\u000a      limit: 10, // ending row\u000a      sort: {\u000a        created_at: -1 // order by latest\u000a      }\u000a    }\u000a  });\u000a\u000a```","readmeFilename":"Readme.md","gitHead":"86f23c8e13d3bb90d5308cbd0bfa11ea67a64582","_id":"ember-mongoose@0.2.2","scripts":{},"_shasum":"a0086e2a75a0bc95a5df3e9569e8120738ee3a75","_from":".","_npmVersion":"1.4.14","_npmUser":{"name":"kelonye","email":"kelonyemitchel@gmail.com"},"maintainers":[{"name":"kelonye","email":"kelonyemitchel@gmail.com"}],"dist":{"shasum":"a0086e2a75a0bc95a5df3e9569e8120738ee3a75","tarball":"http://registry.npmjs.org/ember-mongoose/-/ember-mongoose-0.2.2.tgz"}}: ember-mongoose
37 error     at RegClient.<anonymous> (/usr/local/lib/node_modules/npm/node_modules/npm-registry-client/lib/request.js:274:14)
37 error     at Request._callback (/usr/local/lib/node_modules/npm/node_modules/npm-registry-client/lib/request.js:212:65)
37 error     at Request.self.callback (/usr/local/lib/node_modules/npm/node_modules/request/request.js:123:22)
37 error     at Request.emit (events.js:98:17)
37 error     at Request.<anonymous> (/usr/local/lib/node_modules/npm/node_modules/request/request.js:893:14)
37 error     at Request.emit (events.js:117:20)
37 error     at IncomingMessage.<anonymous> (/usr/local/lib/node_modules/npm/node_modules/request/request.js:844:12)
37 error     at IncomingMessage.emit (events.js:117:20)
37 error     at _stream_readable.js:929:16
37 error     at process._tickCallback (node.js:419:13)
38 error If you need help, you may report this *entire* log,
38 error including the npm and node versions, at:
38 error     <http://github.com/npm/npm/issues>
39 error System Darwin 14.1.0
40 error command "node" "/usr/local/bin/npm" "publish"
41 error cwd /Users/me/Documents/src/github.com/kelonye/ember-mongoose
42 error node -v v0.10.29
43 error npm -v 1.4.14
44 verbose exit [ 1, true ]
